:: loading settings :: url = jar:file:/opt/bitnami/spark/jars/ivy-2.5.0.jar!/org/apache/ivy/core/settings/ivysettings.xml
Ivy Default Cache set to: /root/.ivy2/cache
The jars for the packages stored in: /root/.ivy2/jars
org.apache.spark#spark-sql-kafka-0-10_2.12 added as a dependency
:: resolving dependencies :: org.apache.spark#spark-submit-parent-30c054b2-f237-46db-8072-1d3e123950d9;1.0
	confs: [default]
	found org.apache.spark#spark-sql-kafka-0-10_2.12;3.2.1 in central
	found org.apache.spark#spark-token-provider-kafka-0-10_2.12;3.2.1 in central
	found org.apache.kafka#kafka-clients;2.8.0 in central
	found org.lz4#lz4-java;1.7.1 in central
	found org.xerial.snappy#snappy-java;1.1.8.4 in central
	found org.slf4j#slf4j-api;1.7.30 in central
	found org.apache.hadoop#hadoop-client-runtime;3.3.1 in central
	found org.spark-project.spark#unused;1.0.0 in central
	found org.apache.hadoop#hadoop-client-api;3.3.1 in central
	found org.apache.htrace#htrace-core4;4.1.0-incubating in central
	found commons-logging#commons-logging;1.1.3 in central
	found com.google.code.findbugs#jsr305;3.0.0 in central
	found org.apache.commons#commons-pool2;2.6.2 in central
downloading https://repo1.maven.org/maven2/org/apache/hadoop/hadoop-client-api/3.3.1/hadoop-client-api-3.3.1.jar ...
	[SUCCESSFUL ] org.apache.hadoop#hadoop-client-api;3.3.1!hadoop-client-api.jar (7636ms)
downloading https://repo1.maven.org/maven2/org/apache/htrace/htrace-core4/4.1.0-incubating/htrace-core4-4.1.0-incubating.jar ...
	[SUCCESSFUL ] org.apache.htrace#htrace-core4;4.1.0-incubating!htrace-core4.jar (742ms)
downloading https://repo1.maven.org/maven2/commons-logging/commons-logging/1.1.3/commons-logging-1.1.3.jar ...
	[SUCCESSFUL ] commons-logging#commons-logging;1.1.3!commons-logging.jar (429ms)
:: resolution report :: resolve 537ms :: artifacts dl 8833ms
	:: modules in use:
	com.google.code.findbugs#jsr305;3.0.0 from central in [default]
	commons-logging#commons-logging;1.1.3 from central in [default]
	org.apache.commons#commons-pool2;2.6.2 from central in [default]
	org.apache.hadoop#hadoop-client-api;3.3.1 from central in [default]
	org.apache.hadoop#hadoop-client-runtime;3.3.1 from central in [default]
	org.apache.htrace#htrace-core4;4.1.0-incubating from central in [default]
	org.apache.kafka#kafka-clients;2.8.0 from central in [default]
	org.apache.spark#spark-sql-kafka-0-10_2.12;3.2.1 from central in [default]
	org.apache.spark#spark-token-provider-kafka-0-10_2.12;3.2.1 from central in [default]
	org.lz4#lz4-java;1.7.1 from central in [default]
	org.slf4j#slf4j-api;1.7.30 from central in [default]
	org.spark-project.spark#unused;1.0.0 from central in [default]
	org.xerial.snappy#snappy-java;1.1.8.4 from central in [default]
	---------------------------------------------------------------------
	|                  |            modules            ||   artifacts   |
	|       conf       | number| search|dwnlded|evicted|| number|dwnlded|
	---------------------------------------------------------------------
	|      default     |   13  |   0   |   0   |   0   ||   13  |   3   |
	---------------------------------------------------------------------
:: retrieving :: org.apache.spark#spark-submit-parent-30c054b2-f237-46db-8072-1d3e123950d9
	confs: [default]
	13 artifacts copied, 0 already retrieved (59181kB/271ms)
24/12/15 10:07:33 WARN NativeCodeLoader: Unable to load native-hadoop library for your platform... using builtin-java classes where applicable
Using Spark's default log4j profile: org/apache/spark/log4j-defaults.properties
24/12/15 10:07:34 INFO SparkContext: Running Spark version 3.2.1
24/12/15 10:07:34 INFO ResourceUtils: ==============================================================
24/12/15 10:07:34 INFO ResourceUtils: No custom resources configured for spark.driver.
24/12/15 10:07:34 INFO ResourceUtils: ==============================================================
24/12/15 10:07:34 INFO SparkContext: Submitted application: STEDI
24/12/15 10:07:34 INFO ResourceProfile: Default ResourceProfile created, executor resources: Map(cores -> name: cores, amount: 1, script: , vendor: , memory -> name: memory, amount: 1024, script: , vendor: , offHeap -> name: offHeap, amount: 0, script: , vendor: ), task resources: Map(cpus -> name: cpus, amount: 1.0)
24/12/15 10:07:34 INFO ResourceProfile: Limiting resource is cpu
24/12/15 10:07:34 INFO ResourceProfileManager: Added ResourceProfile id: 0
24/12/15 10:07:35 INFO SecurityManager: Changing view acls to: root
24/12/15 10:07:35 INFO SecurityManager: Changing modify acls to: root
24/12/15 10:07:35 INFO SecurityManager: Changing view acls groups to: 
24/12/15 10:07:35 INFO SecurityManager: Changing modify acls groups to: 
24/12/15 10:07:35 INFO SecurityManager: SecurityManager: authentication disabled; ui acls disabled; users  with view permissions: Set(root); groups with view permissions: Set(); users  with modify permissions: Set(root); groups with modify permissions: Set()
24/12/15 10:07:35 INFO Utils: Successfully started service 'sparkDriver' on port 37401.
24/12/15 10:07:35 INFO SparkEnv: Registering MapOutputTracker
24/12/15 10:07:35 INFO SparkEnv: Registering BlockManagerMaster
24/12/15 10:07:35 INFO BlockManagerMasterEndpoint: Using org.apache.spark.storage.DefaultTopologyMapper for getting topology information
24/12/15 10:07:35 INFO BlockManagerMasterEndpoint: BlockManagerMasterEndpoint up
24/12/15 10:07:35 INFO SparkEnv: Registering BlockManagerMasterHeartbeat
24/12/15 10:07:35 INFO DiskBlockManager: Created local directory at /tmp/blockmgr-d2b7c8d6-a442-4b73-ba0a-6b63fd28be48
24/12/15 10:07:35 INFO MemoryStore: MemoryStore started with capacity 366.3 MiB
24/12/15 10:07:35 INFO SparkEnv: Registering OutputCommitCoordinator
24/12/15 10:07:35 INFO Utils: Successfully started service 'SparkUI' on port 4040.
24/12/15 10:07:36 INFO SparkUI: Bound SparkUI to 0.0.0.0, and started at http://04c71cb945c9:4040
24/12/15 10:07:36 INFO SparkContext: Added JAR file:///root/.ivy2/jars/org.apache.spark_spark-sql-kafka-0-10_2.12-3.2.1.jar at spark://04c71cb945c9:37401/jars/org.apache.spark_spark-sql-kafka-0-10_2.12-3.2.1.jar with timestamp 1734257254859
24/12/15 10:07:36 INFO SparkContext: Added JAR file:///root/.ivy2/jars/org.apache.spark_spark-token-provider-kafka-0-10_2.12-3.2.1.jar at spark://04c71cb945c9:37401/jars/org.apache.spark_spark-token-provider-kafka-0-10_2.12-3.2.1.jar with timestamp 1734257254859
24/12/15 10:07:36 INFO SparkContext: Added JAR file:///root/.ivy2/jars/org.apache.kafka_kafka-clients-2.8.0.jar at spark://04c71cb945c9:37401/jars/org.apache.kafka_kafka-clients-2.8.0.jar with timestamp 1734257254859
24/12/15 10:07:36 INFO SparkContext: Added JAR file:///root/.ivy2/jars/com.google.code.findbugs_jsr305-3.0.0.jar at spark://04c71cb945c9:37401/jars/com.google.code.findbugs_jsr305-3.0.0.jar with timestamp 1734257254859
24/12/15 10:07:36 INFO SparkContext: Added JAR file:///root/.ivy2/jars/org.apache.commons_commons-pool2-2.6.2.jar at spark://04c71cb945c9:37401/jars/org.apache.commons_commons-pool2-2.6.2.jar with timestamp 1734257254859
24/12/15 10:07:36 INFO SparkContext: Added JAR file:///root/.ivy2/jars/org.spark-project.spark_unused-1.0.0.jar at spark://04c71cb945c9:37401/jars/org.spark-project.spark_unused-1.0.0.jar with timestamp 1734257254859
24/12/15 10:07:36 INFO SparkContext: Added JAR file:///root/.ivy2/jars/org.apache.hadoop_hadoop-client-runtime-3.3.1.jar at spark://04c71cb945c9:37401/jars/org.apache.hadoop_hadoop-client-runtime-3.3.1.jar with timestamp 1734257254859
24/12/15 10:07:36 INFO SparkContext: Added JAR file:///root/.ivy2/jars/org.lz4_lz4-java-1.7.1.jar at spark://04c71cb945c9:37401/jars/org.lz4_lz4-java-1.7.1.jar with timestamp 1734257254859
24/12/15 10:07:36 INFO SparkContext: Added JAR file:///root/.ivy2/jars/org.xerial.snappy_snappy-java-1.1.8.4.jar at spark://04c71cb945c9:37401/jars/org.xerial.snappy_snappy-java-1.1.8.4.jar with timestamp 1734257254859
24/12/15 10:07:36 INFO SparkContext: Added JAR file:///root/.ivy2/jars/org.slf4j_slf4j-api-1.7.30.jar at spark://04c71cb945c9:37401/jars/org.slf4j_slf4j-api-1.7.30.jar with timestamp 1734257254859
24/12/15 10:07:36 INFO SparkContext: Added JAR file:///root/.ivy2/jars/org.apache.hadoop_hadoop-client-api-3.3.1.jar at spark://04c71cb945c9:37401/jars/org.apache.hadoop_hadoop-client-api-3.3.1.jar with timestamp 1734257254859
24/12/15 10:07:36 INFO SparkContext: Added JAR file:///root/.ivy2/jars/org.apache.htrace_htrace-core4-4.1.0-incubating.jar at spark://04c71cb945c9:37401/jars/org.apache.htrace_htrace-core4-4.1.0-incubating.jar with timestamp 1734257254859
24/12/15 10:07:36 INFO SparkContext: Added JAR file:///root/.ivy2/jars/commons-logging_commons-logging-1.1.3.jar at spark://04c71cb945c9:37401/jars/commons-logging_commons-logging-1.1.3.jar with timestamp 1734257254859
24/12/15 10:07:36 INFO SparkContext: Added file file:///root/.ivy2/jars/org.apache.spark_spark-sql-kafka-0-10_2.12-3.2.1.jar at file:///root/.ivy2/jars/org.apache.spark_spark-sql-kafka-0-10_2.12-3.2.1.jar with timestamp 1734257254859
24/12/15 10:07:36 INFO Utils: Copying /root/.ivy2/jars/org.apache.spark_spark-sql-kafka-0-10_2.12-3.2.1.jar to /tmp/spark-c8f5a5d5-fe13-461f-983c-2564cb5a7f57/userFiles-a9bfe5ab-1c01-4878-abf5-1cd216830bda/org.apache.spark_spark-sql-kafka-0-10_2.12-3.2.1.jar
24/12/15 10:07:36 INFO SparkContext: Added file file:///root/.ivy2/jars/org.apache.spark_spark-token-provider-kafka-0-10_2.12-3.2.1.jar at file:///root/.ivy2/jars/org.apache.spark_spark-token-provider-kafka-0-10_2.12-3.2.1.jar with timestamp 1734257254859
24/12/15 10:07:36 INFO Utils: Copying /root/.ivy2/jars/org.apache.spark_spark-token-provider-kafka-0-10_2.12-3.2.1.jar to /tmp/spark-c8f5a5d5-fe13-461f-983c-2564cb5a7f57/userFiles-a9bfe5ab-1c01-4878-abf5-1cd216830bda/org.apache.spark_spark-token-provider-kafka-0-10_2.12-3.2.1.jar
24/12/15 10:07:36 INFO SparkContext: Added file file:///root/.ivy2/jars/org.apache.kafka_kafka-clients-2.8.0.jar at file:///root/.ivy2/jars/org.apache.kafka_kafka-clients-2.8.0.jar with timestamp 1734257254859
24/12/15 10:07:36 INFO Utils: Copying /root/.ivy2/jars/org.apache.kafka_kafka-clients-2.8.0.jar to /tmp/spark-c8f5a5d5-fe13-461f-983c-2564cb5a7f57/userFiles-a9bfe5ab-1c01-4878-abf5-1cd216830bda/org.apache.kafka_kafka-clients-2.8.0.jar
24/12/15 10:07:36 INFO SparkContext: Added file file:///root/.ivy2/jars/com.google.code.findbugs_jsr305-3.0.0.jar at file:///root/.ivy2/jars/com.google.code.findbugs_jsr305-3.0.0.jar with timestamp 1734257254859
24/12/15 10:07:36 INFO Utils: Copying /root/.ivy2/jars/com.google.code.findbugs_jsr305-3.0.0.jar to /tmp/spark-c8f5a5d5-fe13-461f-983c-2564cb5a7f57/userFiles-a9bfe5ab-1c01-4878-abf5-1cd216830bda/com.google.code.findbugs_jsr305-3.0.0.jar
24/12/15 10:07:36 INFO SparkContext: Added file file:///root/.ivy2/jars/org.apache.commons_commons-pool2-2.6.2.jar at file:///root/.ivy2/jars/org.apache.commons_commons-pool2-2.6.2.jar with timestamp 1734257254859
24/12/15 10:07:36 INFO Utils: Copying /root/.ivy2/jars/org.apache.commons_commons-pool2-2.6.2.jar to /tmp/spark-c8f5a5d5-fe13-461f-983c-2564cb5a7f57/userFiles-a9bfe5ab-1c01-4878-abf5-1cd216830bda/org.apache.commons_commons-pool2-2.6.2.jar
24/12/15 10:07:36 INFO SparkContext: Added file file:///root/.ivy2/jars/org.spark-project.spark_unused-1.0.0.jar at file:///root/.ivy2/jars/org.spark-project.spark_unused-1.0.0.jar with timestamp 1734257254859
24/12/15 10:07:36 INFO Utils: Copying /root/.ivy2/jars/org.spark-project.spark_unused-1.0.0.jar to /tmp/spark-c8f5a5d5-fe13-461f-983c-2564cb5a7f57/userFiles-a9bfe5ab-1c01-4878-abf5-1cd216830bda/org.spark-project.spark_unused-1.0.0.jar
24/12/15 10:07:36 INFO SparkContext: Added file file:///root/.ivy2/jars/org.apache.hadoop_hadoop-client-runtime-3.3.1.jar at file:///root/.ivy2/jars/org.apache.hadoop_hadoop-client-runtime-3.3.1.jar with timestamp 1734257254859
24/12/15 10:07:36 INFO Utils: Copying /root/.ivy2/jars/org.apache.hadoop_hadoop-client-runtime-3.3.1.jar to /tmp/spark-c8f5a5d5-fe13-461f-983c-2564cb5a7f57/userFiles-a9bfe5ab-1c01-4878-abf5-1cd216830bda/org.apache.hadoop_hadoop-client-runtime-3.3.1.jar
24/12/15 10:07:36 INFO SparkContext: Added file file:///root/.ivy2/jars/org.lz4_lz4-java-1.7.1.jar at file:///root/.ivy2/jars/org.lz4_lz4-java-1.7.1.jar with timestamp 1734257254859
24/12/15 10:07:36 INFO Utils: Copying /root/.ivy2/jars/org.lz4_lz4-java-1.7.1.jar to /tmp/spark-c8f5a5d5-fe13-461f-983c-2564cb5a7f57/userFiles-a9bfe5ab-1c01-4878-abf5-1cd216830bda/org.lz4_lz4-java-1.7.1.jar
24/12/15 10:07:36 INFO SparkContext: Added file file:///root/.ivy2/jars/org.xerial.snappy_snappy-java-1.1.8.4.jar at file:///root/.ivy2/jars/org.xerial.snappy_snappy-java-1.1.8.4.jar with timestamp 1734257254859
24/12/15 10:07:36 INFO Utils: Copying /root/.ivy2/jars/org.xerial.snappy_snappy-java-1.1.8.4.jar to /tmp/spark-c8f5a5d5-fe13-461f-983c-2564cb5a7f57/userFiles-a9bfe5ab-1c01-4878-abf5-1cd216830bda/org.xerial.snappy_snappy-java-1.1.8.4.jar
24/12/15 10:07:36 INFO SparkContext: Added file file:///root/.ivy2/jars/org.slf4j_slf4j-api-1.7.30.jar at file:///root/.ivy2/jars/org.slf4j_slf4j-api-1.7.30.jar with timestamp 1734257254859
24/12/15 10:07:36 INFO Utils: Copying /root/.ivy2/jars/org.slf4j_slf4j-api-1.7.30.jar to /tmp/spark-c8f5a5d5-fe13-461f-983c-2564cb5a7f57/userFiles-a9bfe5ab-1c01-4878-abf5-1cd216830bda/org.slf4j_slf4j-api-1.7.30.jar
24/12/15 10:07:36 INFO SparkContext: Added file file:///root/.ivy2/jars/org.apache.hadoop_hadoop-client-api-3.3.1.jar at file:///root/.ivy2/jars/org.apache.hadoop_hadoop-client-api-3.3.1.jar with timestamp 1734257254859
24/12/15 10:07:36 INFO Utils: Copying /root/.ivy2/jars/org.apache.hadoop_hadoop-client-api-3.3.1.jar to /tmp/spark-c8f5a5d5-fe13-461f-983c-2564cb5a7f57/userFiles-a9bfe5ab-1c01-4878-abf5-1cd216830bda/org.apache.hadoop_hadoop-client-api-3.3.1.jar
24/12/15 10:07:36 INFO SparkContext: Added file file:///root/.ivy2/jars/org.apache.htrace_htrace-core4-4.1.0-incubating.jar at file:///root/.ivy2/jars/org.apache.htrace_htrace-core4-4.1.0-incubating.jar with timestamp 1734257254859
24/12/15 10:07:36 INFO Utils: Copying /root/.ivy2/jars/org.apache.htrace_htrace-core4-4.1.0-incubating.jar to /tmp/spark-c8f5a5d5-fe13-461f-983c-2564cb5a7f57/userFiles-a9bfe5ab-1c01-4878-abf5-1cd216830bda/org.apache.htrace_htrace-core4-4.1.0-incubating.jar
24/12/15 10:07:36 INFO SparkContext: Added file file:///root/.ivy2/jars/commons-logging_commons-logging-1.1.3.jar at file:///root/.ivy2/jars/commons-logging_commons-logging-1.1.3.jar with timestamp 1734257254859
24/12/15 10:07:36 INFO Utils: Copying /root/.ivy2/jars/commons-logging_commons-logging-1.1.3.jar to /tmp/spark-c8f5a5d5-fe13-461f-983c-2564cb5a7f57/userFiles-a9bfe5ab-1c01-4878-abf5-1cd216830bda/commons-logging_commons-logging-1.1.3.jar
24/12/15 10:07:36 INFO Executor: Starting executor ID driver on host 04c71cb945c9
24/12/15 10:07:36 INFO Executor: Fetching file:///root/.ivy2/jars/org.apache.commons_commons-pool2-2.6.2.jar with timestamp 1734257254859
24/12/15 10:07:36 INFO Utils: /root/.ivy2/jars/org.apache.commons_commons-pool2-2.6.2.jar has been previously copied to /tmp/spark-c8f5a5d5-fe13-461f-983c-2564cb5a7f57/userFiles-a9bfe5ab-1c01-4878-abf5-1cd216830bda/org.apache.commons_commons-pool2-2.6.2.jar
24/12/15 10:07:36 INFO Executor: Fetching file:///root/.ivy2/jars/commons-logging_commons-logging-1.1.3.jar with timestamp 1734257254859
24/12/15 10:07:36 INFO Utils: /root/.ivy2/jars/commons-logging_commons-logging-1.1.3.jar has been previously copied to /tmp/spark-c8f5a5d5-fe13-461f-983c-2564cb5a7f57/userFiles-a9bfe5ab-1c01-4878-abf5-1cd216830bda/commons-logging_commons-logging-1.1.3.jar
24/12/15 10:07:36 INFO Executor: Fetching file:///root/.ivy2/jars/org.apache.spark_spark-token-provider-kafka-0-10_2.12-3.2.1.jar with timestamp 1734257254859
24/12/15 10:07:36 INFO Utils: /root/.ivy2/jars/org.apache.spark_spark-token-provider-kafka-0-10_2.12-3.2.1.jar has been previously copied to /tmp/spark-c8f5a5d5-fe13-461f-983c-2564cb5a7f57/userFiles-a9bfe5ab-1c01-4878-abf5-1cd216830bda/org.apache.spark_spark-token-provider-kafka-0-10_2.12-3.2.1.jar
24/12/15 10:07:36 INFO Executor: Fetching file:///root/.ivy2/jars/org.apache.htrace_htrace-core4-4.1.0-incubating.jar with timestamp 1734257254859
24/12/15 10:07:36 INFO Utils: /root/.ivy2/jars/org.apache.htrace_htrace-core4-4.1.0-incubating.jar has been previously copied to /tmp/spark-c8f5a5d5-fe13-461f-983c-2564cb5a7f57/userFiles-a9bfe5ab-1c01-4878-abf5-1cd216830bda/org.apache.htrace_htrace-core4-4.1.0-incubating.jar
24/12/15 10:07:36 INFO Executor: Fetching file:///root/.ivy2/jars/org.lz4_lz4-java-1.7.1.jar with timestamp 1734257254859
24/12/15 10:07:36 INFO Utils: /root/.ivy2/jars/org.lz4_lz4-java-1.7.1.jar has been previously copied to /tmp/spark-c8f5a5d5-fe13-461f-983c-2564cb5a7f57/userFiles-a9bfe5ab-1c01-4878-abf5-1cd216830bda/org.lz4_lz4-java-1.7.1.jar
24/12/15 10:07:36 INFO Executor: Fetching file:///root/.ivy2/jars/org.apache.spark_spark-sql-kafka-0-10_2.12-3.2.1.jar with timestamp 1734257254859
24/12/15 10:07:36 INFO Utils: /root/.ivy2/jars/org.apache.spark_spark-sql-kafka-0-10_2.12-3.2.1.jar has been previously copied to /tmp/spark-c8f5a5d5-fe13-461f-983c-2564cb5a7f57/userFiles-a9bfe5ab-1c01-4878-abf5-1cd216830bda/org.apache.spark_spark-sql-kafka-0-10_2.12-3.2.1.jar
24/12/15 10:07:36 INFO Executor: Fetching file:///root/.ivy2/jars/org.spark-project.spark_unused-1.0.0.jar with timestamp 1734257254859
24/12/15 10:07:36 INFO Utils: /root/.ivy2/jars/org.spark-project.spark_unused-1.0.0.jar has been previously copied to /tmp/spark-c8f5a5d5-fe13-461f-983c-2564cb5a7f57/userFiles-a9bfe5ab-1c01-4878-abf5-1cd216830bda/org.spark-project.spark_unused-1.0.0.jar
24/12/15 10:07:36 INFO Executor: Fetching file:///root/.ivy2/jars/com.google.code.findbugs_jsr305-3.0.0.jar with timestamp 1734257254859
24/12/15 10:07:36 INFO Utils: /root/.ivy2/jars/com.google.code.findbugs_jsr305-3.0.0.jar has been previously copied to /tmp/spark-c8f5a5d5-fe13-461f-983c-2564cb5a7f57/userFiles-a9bfe5ab-1c01-4878-abf5-1cd216830bda/com.google.code.findbugs_jsr305-3.0.0.jar
24/12/15 10:07:36 INFO Executor: Fetching file:///root/.ivy2/jars/org.apache.kafka_kafka-clients-2.8.0.jar with timestamp 1734257254859
24/12/15 10:07:36 INFO Utils: /root/.ivy2/jars/org.apache.kafka_kafka-clients-2.8.0.jar has been previously copied to /tmp/spark-c8f5a5d5-fe13-461f-983c-2564cb5a7f57/userFiles-a9bfe5ab-1c01-4878-abf5-1cd216830bda/org.apache.kafka_kafka-clients-2.8.0.jar
24/12/15 10:07:36 INFO Executor: Fetching file:///root/.ivy2/jars/org.xerial.snappy_snappy-java-1.1.8.4.jar with timestamp 1734257254859
24/12/15 10:07:36 INFO Utils: /root/.ivy2/jars/org.xerial.snappy_snappy-java-1.1.8.4.jar has been previously copied to /tmp/spark-c8f5a5d5-fe13-461f-983c-2564cb5a7f57/userFiles-a9bfe5ab-1c01-4878-abf5-1cd216830bda/org.xerial.snappy_snappy-java-1.1.8.4.jar
24/12/15 10:07:36 INFO Executor: Fetching file:///root/.ivy2/jars/org.apache.hadoop_hadoop-client-api-3.3.1.jar with timestamp 1734257254859
24/12/15 10:07:36 INFO Utils: /root/.ivy2/jars/org.apache.hadoop_hadoop-client-api-3.3.1.jar has been previously copied to /tmp/spark-c8f5a5d5-fe13-461f-983c-2564cb5a7f57/userFiles-a9bfe5ab-1c01-4878-abf5-1cd216830bda/org.apache.hadoop_hadoop-client-api-3.3.1.jar
24/12/15 10:07:36 INFO Executor: Fetching file:///root/.ivy2/jars/org.slf4j_slf4j-api-1.7.30.jar with timestamp 1734257254859
24/12/15 10:07:36 INFO Utils: /root/.ivy2/jars/org.slf4j_slf4j-api-1.7.30.jar has been previously copied to /tmp/spark-c8f5a5d5-fe13-461f-983c-2564cb5a7f57/userFiles-a9bfe5ab-1c01-4878-abf5-1cd216830bda/org.slf4j_slf4j-api-1.7.30.jar
24/12/15 10:07:36 INFO Executor: Fetching file:///root/.ivy2/jars/org.apache.hadoop_hadoop-client-runtime-3.3.1.jar with timestamp 1734257254859
24/12/15 10:07:36 INFO Utils: /root/.ivy2/jars/org.apache.hadoop_hadoop-client-runtime-3.3.1.jar has been previously copied to /tmp/spark-c8f5a5d5-fe13-461f-983c-2564cb5a7f57/userFiles-a9bfe5ab-1c01-4878-abf5-1cd216830bda/org.apache.hadoop_hadoop-client-runtime-3.3.1.jar
24/12/15 10:07:36 INFO Executor: Fetching spark://04c71cb945c9:37401/jars/com.google.code.findbugs_jsr305-3.0.0.jar with timestamp 1734257254859
24/12/15 10:07:37 INFO TransportClientFactory: Successfully created connection to 04c71cb945c9/172.18.0.4:37401 after 29 ms (0 ms spent in bootstraps)
24/12/15 10:07:37 INFO Utils: Fetching spark://04c71cb945c9:37401/jars/com.google.code.findbugs_jsr305-3.0.0.jar to /tmp/spark-c8f5a5d5-fe13-461f-983c-2564cb5a7f57/userFiles-a9bfe5ab-1c01-4878-abf5-1cd216830bda/fetchFileTemp2265854875449925196.tmp
24/12/15 10:07:37 INFO Utils: /tmp/spark-c8f5a5d5-fe13-461f-983c-2564cb5a7f57/userFiles-a9bfe5ab-1c01-4878-abf5-1cd216830bda/fetchFileTemp2265854875449925196.tmp has been previously copied to /tmp/spark-c8f5a5d5-fe13-461f-983c-2564cb5a7f57/userFiles-a9bfe5ab-1c01-4878-abf5-1cd216830bda/com.google.code.findbugs_jsr305-3.0.0.jar
24/12/15 10:07:37 INFO Executor: Adding file:/tmp/spark-c8f5a5d5-fe13-461f-983c-2564cb5a7f57/userFiles-a9bfe5ab-1c01-4878-abf5-1cd216830bda/com.google.code.findbugs_jsr305-3.0.0.jar to class loader
24/12/15 10:07:37 INFO Executor: Fetching spark://04c71cb945c9:37401/jars/org.spark-project.spark_unused-1.0.0.jar with timestamp 1734257254859
24/12/15 10:07:37 INFO Utils: Fetching spark://04c71cb945c9:37401/jars/org.spark-project.spark_unused-1.0.0.jar to /tmp/spark-c8f5a5d5-fe13-461f-983c-2564cb5a7f57/userFiles-a9bfe5ab-1c01-4878-abf5-1cd216830bda/fetchFileTemp7426328158350820510.tmp
24/12/15 10:07:37 INFO Utils: /tmp/spark-c8f5a5d5-fe13-461f-983c-2564cb5a7f57/userFiles-a9bfe5ab-1c01-4878-abf5-1cd216830bda/fetchFileTemp7426328158350820510.tmp has been previously copied to /tmp/spark-c8f5a5d5-fe13-461f-983c-2564cb5a7f57/userFiles-a9bfe5ab-1c01-4878-abf5-1cd216830bda/org.spark-project.spark_unused-1.0.0.jar
24/12/15 10:07:37 INFO Executor: Adding file:/tmp/spark-c8f5a5d5-fe13-461f-983c-2564cb5a7f57/userFiles-a9bfe5ab-1c01-4878-abf5-1cd216830bda/org.spark-project.spark_unused-1.0.0.jar to class loader
24/12/15 10:07:37 INFO Executor: Fetching spark://04c71cb945c9:37401/jars/org.apache.htrace_htrace-core4-4.1.0-incubating.jar with timestamp 1734257254859
24/12/15 10:07:37 INFO Utils: Fetching spark://04c71cb945c9:37401/jars/org.apache.htrace_htrace-core4-4.1.0-incubating.jar to /tmp/spark-c8f5a5d5-fe13-461f-983c-2564cb5a7f57/userFiles-a9bfe5ab-1c01-4878-abf5-1cd216830bda/fetchFileTemp5033814827138175516.tmp
24/12/15 10:07:37 INFO Utils: /tmp/spark-c8f5a5d5-fe13-461f-983c-2564cb5a7f57/userFiles-a9bfe5ab-1c01-4878-abf5-1cd216830bda/fetchFileTemp5033814827138175516.tmp has been previously copied to /tmp/spark-c8f5a5d5-fe13-461f-983c-2564cb5a7f57/userFiles-a9bfe5ab-1c01-4878-abf5-1cd216830bda/org.apache.htrace_htrace-core4-4.1.0-incubating.jar
24/12/15 10:07:37 INFO Executor: Adding file:/tmp/spark-c8f5a5d5-fe13-461f-983c-2564cb5a7f57/userFiles-a9bfe5ab-1c01-4878-abf5-1cd216830bda/org.apache.htrace_htrace-core4-4.1.0-incubating.jar to class loader
24/12/15 10:07:37 INFO Executor: Fetching spark://04c71cb945c9:37401/jars/org.apache.spark_spark-sql-kafka-0-10_2.12-3.2.1.jar with timestamp 1734257254859
24/12/15 10:07:37 INFO Utils: Fetching spark://04c71cb945c9:37401/jars/org.apache.spark_spark-sql-kafka-0-10_2.12-3.2.1.jar to /tmp/spark-c8f5a5d5-fe13-461f-983c-2564cb5a7f57/userFiles-a9bfe5ab-1c01-4878-abf5-1cd216830bda/fetchFileTemp385784644596832981.tmp
24/12/15 10:07:37 INFO Utils: /tmp/spark-c8f5a5d5-fe13-461f-983c-2564cb5a7f57/userFiles-a9bfe5ab-1c01-4878-abf5-1cd216830bda/fetchFileTemp385784644596832981.tmp has been previously copied to /tmp/spark-c8f5a5d5-fe13-461f-983c-2564cb5a7f57/userFiles-a9bfe5ab-1c01-4878-abf5-1cd216830bda/org.apache.spark_spark-sql-kafka-0-10_2.12-3.2.1.jar
24/12/15 10:07:37 INFO Executor: Adding file:/tmp/spark-c8f5a5d5-fe13-461f-983c-2564cb5a7f57/userFiles-a9bfe5ab-1c01-4878-abf5-1cd216830bda/org.apache.spark_spark-sql-kafka-0-10_2.12-3.2.1.jar to class loader
24/12/15 10:07:37 INFO Executor: Fetching spark://04c71cb945c9:37401/jars/org.apache.hadoop_hadoop-client-api-3.3.1.jar with timestamp 1734257254859
24/12/15 10:07:37 INFO Utils: Fetching spark://04c71cb945c9:37401/jars/org.apache.hadoop_hadoop-client-api-3.3.1.jar to /tmp/spark-c8f5a5d5-fe13-461f-983c-2564cb5a7f57/userFiles-a9bfe5ab-1c01-4878-abf5-1cd216830bda/fetchFileTemp1636433425879946010.tmp
24/12/15 10:07:37 INFO Utils: /tmp/spark-c8f5a5d5-fe13-461f-983c-2564cb5a7f57/userFiles-a9bfe5ab-1c01-4878-abf5-1cd216830bda/fetchFileTemp1636433425879946010.tmp has been previously copied to /tmp/spark-c8f5a5d5-fe13-461f-983c-2564cb5a7f57/userFiles-a9bfe5ab-1c01-4878-abf5-1cd216830bda/org.apache.hadoop_hadoop-client-api-3.3.1.jar
24/12/15 10:07:37 INFO Executor: Adding file:/tmp/spark-c8f5a5d5-fe13-461f-983c-2564cb5a7f57/userFiles-a9bfe5ab-1c01-4878-abf5-1cd216830bda/org.apache.hadoop_hadoop-client-api-3.3.1.jar to class loader
24/12/15 10:07:37 INFO Executor: Fetching spark://04c71cb945c9:37401/jars/org.xerial.snappy_snappy-java-1.1.8.4.jar with timestamp 1734257254859
24/12/15 10:07:37 INFO Utils: Fetching spark://04c71cb945c9:37401/jars/org.xerial.snappy_snappy-java-1.1.8.4.jar to /tmp/spark-c8f5a5d5-fe13-461f-983c-2564cb5a7f57/userFiles-a9bfe5ab-1c01-4878-abf5-1cd216830bda/fetchFileTemp7969472741303031045.tmp
24/12/15 10:07:37 INFO Utils: /tmp/spark-c8f5a5d5-fe13-461f-983c-2564cb5a7f57/userFiles-a9bfe5ab-1c01-4878-abf5-1cd216830bda/fetchFileTemp7969472741303031045.tmp has been previously copied to /tmp/spark-c8f5a5d5-fe13-461f-983c-2564cb5a7f57/userFiles-a9bfe5ab-1c01-4878-abf5-1cd216830bda/org.xerial.snappy_snappy-java-1.1.8.4.jar
24/12/15 10:07:37 INFO Executor: Adding file:/tmp/spark-c8f5a5d5-fe13-461f-983c-2564cb5a7f57/userFiles-a9bfe5ab-1c01-4878-abf5-1cd216830bda/org.xerial.snappy_snappy-java-1.1.8.4.jar to class loader
24/12/15 10:07:37 INFO Executor: Fetching spark://04c71cb945c9:37401/jars/org.apache.kafka_kafka-clients-2.8.0.jar with timestamp 1734257254859
24/12/15 10:07:37 INFO Utils: Fetching spark://04c71cb945c9:37401/jars/org.apache.kafka_kafka-clients-2.8.0.jar to /tmp/spark-c8f5a5d5-fe13-461f-983c-2564cb5a7f57/userFiles-a9bfe5ab-1c01-4878-abf5-1cd216830bda/fetchFileTemp2825581357172725696.tmp
24/12/15 10:07:37 INFO Utils: /tmp/spark-c8f5a5d5-fe13-461f-983c-2564cb5a7f57/userFiles-a9bfe5ab-1c01-4878-abf5-1cd216830bda/fetchFileTemp2825581357172725696.tmp has been previously copied to /tmp/spark-c8f5a5d5-fe13-461f-983c-2564cb5a7f57/userFiles-a9bfe5ab-1c01-4878-abf5-1cd216830bda/org.apache.kafka_kafka-clients-2.8.0.jar
24/12/15 10:07:37 INFO Executor: Adding file:/tmp/spark-c8f5a5d5-fe13-461f-983c-2564cb5a7f57/userFiles-a9bfe5ab-1c01-4878-abf5-1cd216830bda/org.apache.kafka_kafka-clients-2.8.0.jar to class loader
24/12/15 10:07:37 INFO Executor: Fetching spark://04c71cb945c9:37401/jars/org.apache.spark_spark-token-provider-kafka-0-10_2.12-3.2.1.jar with timestamp 1734257254859
24/12/15 10:07:37 INFO Utils: Fetching spark://04c71cb945c9:37401/jars/org.apache.spark_spark-token-provider-kafka-0-10_2.12-3.2.1.jar to /tmp/spark-c8f5a5d5-fe13-461f-983c-2564cb5a7f57/userFiles-a9bfe5ab-1c01-4878-abf5-1cd216830bda/fetchFileTemp8033817915158276863.tmp
24/12/15 10:07:37 INFO Utils: /tmp/spark-c8f5a5d5-fe13-461f-983c-2564cb5a7f57/userFiles-a9bfe5ab-1c01-4878-abf5-1cd216830bda/fetchFileTemp8033817915158276863.tmp has been previously copied to /tmp/spark-c8f5a5d5-fe13-461f-983c-2564cb5a7f57/userFiles-a9bfe5ab-1c01-4878-abf5-1cd216830bda/org.apache.spark_spark-token-provider-kafka-0-10_2.12-3.2.1.jar
24/12/15 10:07:37 INFO Executor: Adding file:/tmp/spark-c8f5a5d5-fe13-461f-983c-2564cb5a7f57/userFiles-a9bfe5ab-1c01-4878-abf5-1cd216830bda/org.apache.spark_spark-token-provider-kafka-0-10_2.12-3.2.1.jar to class loader
24/12/15 10:07:37 INFO Executor: Fetching spark://04c71cb945c9:37401/jars/commons-logging_commons-logging-1.1.3.jar with timestamp 1734257254859
24/12/15 10:07:37 INFO Utils: Fetching spark://04c71cb945c9:37401/jars/commons-logging_commons-logging-1.1.3.jar to /tmp/spark-c8f5a5d5-fe13-461f-983c-2564cb5a7f57/userFiles-a9bfe5ab-1c01-4878-abf5-1cd216830bda/fetchFileTemp6845567980175511384.tmp
24/12/15 10:07:37 INFO Utils: /tmp/spark-c8f5a5d5-fe13-461f-983c-2564cb5a7f57/userFiles-a9bfe5ab-1c01-4878-abf5-1cd216830bda/fetchFileTemp6845567980175511384.tmp has been previously copied to /tmp/spark-c8f5a5d5-fe13-461f-983c-2564cb5a7f57/userFiles-a9bfe5ab-1c01-4878-abf5-1cd216830bda/commons-logging_commons-logging-1.1.3.jar
24/12/15 10:07:37 INFO Executor: Adding file:/tmp/spark-c8f5a5d5-fe13-461f-983c-2564cb5a7f57/userFiles-a9bfe5ab-1c01-4878-abf5-1cd216830bda/commons-logging_commons-logging-1.1.3.jar to class loader
24/12/15 10:07:37 INFO Executor: Fetching spark://04c71cb945c9:37401/jars/org.apache.commons_commons-pool2-2.6.2.jar with timestamp 1734257254859
24/12/15 10:07:37 INFO Utils: Fetching spark://04c71cb945c9:37401/jars/org.apache.commons_commons-pool2-2.6.2.jar to /tmp/spark-c8f5a5d5-fe13-461f-983c-2564cb5a7f57/userFiles-a9bfe5ab-1c01-4878-abf5-1cd216830bda/fetchFileTemp7191233206610181157.tmp
24/12/15 10:07:37 INFO Utils: /tmp/spark-c8f5a5d5-fe13-461f-983c-2564cb5a7f57/userFiles-a9bfe5ab-1c01-4878-abf5-1cd216830bda/fetchFileTemp7191233206610181157.tmp has been previously copied to /tmp/spark-c8f5a5d5-fe13-461f-983c-2564cb5a7f57/userFiles-a9bfe5ab-1c01-4878-abf5-1cd216830bda/org.apache.commons_commons-pool2-2.6.2.jar
24/12/15 10:07:37 INFO Executor: Adding file:/tmp/spark-c8f5a5d5-fe13-461f-983c-2564cb5a7f57/userFiles-a9bfe5ab-1c01-4878-abf5-1cd216830bda/org.apache.commons_commons-pool2-2.6.2.jar to class loader
24/12/15 10:07:37 INFO Executor: Fetching spark://04c71cb945c9:37401/jars/org.lz4_lz4-java-1.7.1.jar with timestamp 1734257254859
24/12/15 10:07:37 INFO Utils: Fetching spark://04c71cb945c9:37401/jars/org.lz4_lz4-java-1.7.1.jar to /tmp/spark-c8f5a5d5-fe13-461f-983c-2564cb5a7f57/userFiles-a9bfe5ab-1c01-4878-abf5-1cd216830bda/fetchFileTemp5390266132085901957.tmp
24/12/15 10:07:37 INFO Utils: /tmp/spark-c8f5a5d5-fe13-461f-983c-2564cb5a7f57/userFiles-a9bfe5ab-1c01-4878-abf5-1cd216830bda/fetchFileTemp5390266132085901957.tmp has been previously copied to /tmp/spark-c8f5a5d5-fe13-461f-983c-2564cb5a7f57/userFiles-a9bfe5ab-1c01-4878-abf5-1cd216830bda/org.lz4_lz4-java-1.7.1.jar
24/12/15 10:07:37 INFO Executor: Adding file:/tmp/spark-c8f5a5d5-fe13-461f-983c-2564cb5a7f57/userFiles-a9bfe5ab-1c01-4878-abf5-1cd216830bda/org.lz4_lz4-java-1.7.1.jar to class loader
24/12/15 10:07:37 INFO Executor: Fetching spark://04c71cb945c9:37401/jars/org.apache.hadoop_hadoop-client-runtime-3.3.1.jar with timestamp 1734257254859
24/12/15 10:07:37 INFO Utils: Fetching spark://04c71cb945c9:37401/jars/org.apache.hadoop_hadoop-client-runtime-3.3.1.jar to /tmp/spark-c8f5a5d5-fe13-461f-983c-2564cb5a7f57/userFiles-a9bfe5ab-1c01-4878-abf5-1cd216830bda/fetchFileTemp5540551057376991067.tmp
24/12/15 10:07:37 INFO Utils: /tmp/spark-c8f5a5d5-fe13-461f-983c-2564cb5a7f57/userFiles-a9bfe5ab-1c01-4878-abf5-1cd216830bda/fetchFileTemp5540551057376991067.tmp has been previously copied to /tmp/spark-c8f5a5d5-fe13-461f-983c-2564cb5a7f57/userFiles-a9bfe5ab-1c01-4878-abf5-1cd216830bda/org.apache.hadoop_hadoop-client-runtime-3.3.1.jar
24/12/15 10:07:37 INFO Executor: Adding file:/tmp/spark-c8f5a5d5-fe13-461f-983c-2564cb5a7f57/userFiles-a9bfe5ab-1c01-4878-abf5-1cd216830bda/org.apache.hadoop_hadoop-client-runtime-3.3.1.jar to class loader
24/12/15 10:07:37 INFO Executor: Fetching spark://04c71cb945c9:37401/jars/org.slf4j_slf4j-api-1.7.30.jar with timestamp 1734257254859
24/12/15 10:07:37 INFO Utils: Fetching spark://04c71cb945c9:37401/jars/org.slf4j_slf4j-api-1.7.30.jar to /tmp/spark-c8f5a5d5-fe13-461f-983c-2564cb5a7f57/userFiles-a9bfe5ab-1c01-4878-abf5-1cd216830bda/fetchFileTemp1590515485213922592.tmp
24/12/15 10:07:37 INFO Utils: /tmp/spark-c8f5a5d5-fe13-461f-983c-2564cb5a7f57/userFiles-a9bfe5ab-1c01-4878-abf5-1cd216830bda/fetchFileTemp1590515485213922592.tmp has been previously copied to /tmp/spark-c8f5a5d5-fe13-461f-983c-2564cb5a7f57/userFiles-a9bfe5ab-1c01-4878-abf5-1cd216830bda/org.slf4j_slf4j-api-1.7.30.jar
24/12/15 10:07:37 INFO Executor: Adding file:/tmp/spark-c8f5a5d5-fe13-461f-983c-2564cb5a7f57/userFiles-a9bfe5ab-1c01-4878-abf5-1cd216830bda/org.slf4j_slf4j-api-1.7.30.jar to class loader
24/12/15 10:07:37 INFO Utils: Successfully started service 'org.apache.spark.network.netty.NettyBlockTransferService' on port 41637.
24/12/15 10:07:37 INFO NettyBlockTransferService: Server created on 04c71cb945c9:41637
24/12/15 10:07:37 INFO BlockManager: Using org.apache.spark.storage.RandomBlockReplicationPolicy for block replication policy
24/12/15 10:07:37 INFO BlockManagerMaster: Registering BlockManager BlockManagerId(driver, 04c71cb945c9, 41637, None)
24/12/15 10:07:37 INFO BlockManagerMasterEndpoint: Registering block manager 04c71cb945c9:41637 with 366.3 MiB RAM, BlockManagerId(driver, 04c71cb945c9, 41637, None)
24/12/15 10:07:37 INFO BlockManagerMaster: Registered BlockManager BlockManagerId(driver, 04c71cb945c9, 41637, None)
24/12/15 10:07:37 INFO BlockManager: Initialized BlockManager: BlockManagerId(driver, 04c71cb945c9, 41637, None)
24/12/15 10:07:38 INFO SharedState: Setting hive.metastore.warehouse.dir ('null') to the value of spark.sql.warehouse.dir.
24/12/15 10:07:38 INFO SharedState: Warehouse path is 'file:/opt/bitnami/spark/spark-warehouse'.
24/12/15 10:07:43 WARN ResolveWriteToStream: Temporary checkpoint location created which is deleted normally when the query didn't fail: /tmp/temporary-a803c87b-549e-4d4e-a0ef-df40c616dbdf. If it's required to delete it under any circumstances, please set spark.sql.streaming.forceDeleteTempCheckpointLocation to true. Important to know deleting temp checkpoint folder is best effort.
24/12/15 10:07:43 WARN ResolveWriteToStream: spark.sql.adaptive.enabled is not supported in streaming DataFrames/Datasets and will be disabled.
-------------------------------------------
Batch: 0
-------------------------------------------
+--------------------+---------+
|               email|birthYear|
+--------------------+---------+
|Larry.Mitra@test.com|     1965|
|Christina.Mitra@t...|     1964|
|Travis.Lincoln@te...|     1963|
|Angie.Sanchez@tes...|     1962|
|Edward.Staples@te...|     1961|
|Jerry.Davis@test.com|     1960|
|Sarah.Davis@test.com|     1958|
| Gail.Clark@test.com|     1957|
|Chris.Doshi@test.com|     1956|
|  Dan.Abram@test.com|     1955|
|Ben.Lincoln@test.com|     1952|
|Frank.Jefferson@t...|     1951|
|Craig.Jones@test.com|     1950|
|Frank.Davis@test.com|     1949|
|Lyn.Staples@test.com|     1948|
|Suresh.Jones@test...|     1946|
|Travis.Clark@test...|     1945|
|Danny.Clayton@tes...|     1944|
|   Craig.Wu@test.com|     1943|
|Craig.Harris@test...|     1942|
+--------------------+---------+
only showing top 20 rows

-------------------------------------------
Batch: 1
-------------------------------------------
+-----+---------+
|email|birthYear|
+-----+---------+
+-----+---------+

-------------------------------------------
Batch: 2
-------------------------------------------
+-----+---------+
|email|birthYear|
+-----+---------+
+-----+---------+

-------------------------------------------
Batch: 3
-------------------------------------------
+-----+---------+
|email|birthYear|
+-----+---------+
+-----+---------+

-------------------------------------------
Batch: 4
-------------------------------------------
+-----+---------+
|email|birthYear|
+-----+---------+
+-----+---------+

-------------------------------------------
Batch: 5
-------------------------------------------
+-----+---------+
|email|birthYear|
+-----+---------+
+-----+---------+

-------------------------------------------
Batch: 6
-------------------------------------------
+-----+---------+
|email|birthYear|
+-----+---------+
+-----+---------+

-------------------------------------------
Batch: 7
-------------------------------------------
+-----+---------+
|email|birthYear|
+-----+---------+
+-----+---------+

-------------------------------------------
Batch: 8
-------------------------------------------
+-----+---------+
|email|birthYear|
+-----+---------+
+-----+---------+

-------------------------------------------
Batch: 9
-------------------------------------------
+-----+---------+
|email|birthYear|
+-----+---------+
+-----+---------+

-------------------------------------------
Batch: 10
-------------------------------------------
+-----+---------+
|email|birthYear|
+-----+---------+
+-----+---------+

-------------------------------------------
Batch: 11
-------------------------------------------
+-----+---------+
|email|birthYear|
+-----+---------+
+-----+---------+

-------------------------------------------
Batch: 12
-------------------------------------------
+-----+---------+
|email|birthYear|
+-----+---------+
+-----+---------+

-------------------------------------------
Batch: 13
-------------------------------------------
+-----+---------+
|email|birthYear|
+-----+---------+
+-----+---------+

-------------------------------------------
Batch: 14
-------------------------------------------
+-----+---------+
|email|birthYear|
+-----+---------+
+-----+---------+

-------------------------------------------
Batch: 15
-------------------------------------------
+-----+---------+
|email|birthYear|
+-----+---------+
+-----+---------+

-------------------------------------------
Batch: 16
-------------------------------------------
+-----+---------+
|email|birthYear|
+-----+---------+
+-----+---------+

-------------------------------------------
Batch: 17
-------------------------------------------
+-----+---------+
|email|birthYear|
+-----+---------+
+-----+---------+

-------------------------------------------
Batch: 18
-------------------------------------------
+-----+---------+
|email|birthYear|
+-----+---------+
+-----+---------+

-------------------------------------------
Batch: 19
-------------------------------------------
+-----+---------+
|email|birthYear|
+-----+---------+
+-----+---------+

-------------------------------------------
Batch: 20
-------------------------------------------
+-----+---------+
|email|birthYear|
+-----+---------+
+-----+---------+

-------------------------------------------
Batch: 21
-------------------------------------------
+-----+---------+
|email|birthYear|
+-----+---------+
+-----+---------+

^CERROR:root:Exception while sending command.
Traceback (most recent call last):
  File "/opt/bitnami/spark/python/lib/py4j-0.10.9.3-src.zip/py4j/clientserver.py", line 475, in send_command
    answer = smart_decode(self.stream.readline()[:-1])
RuntimeError: reentrant call inside <_io.BufferedReader name=3>

During handling of the above exception, another exception occurred:

Traceback (most recent call last):
  File "/opt/bitnami/spark/python/lib/py4j-0.10.9.3-src.zip/py4j/java_gateway.py", line 1038, in send_command
    response = connection.send_command(command)
  File "/opt/bitnami/spark/python/lib/py4j-0.10.9.3-src.zip/py4j/clientserver.py", line 503, in send_command
    raise Py4JNetworkError(
py4j.protocol.Py4JNetworkError: Error while sending or receiving
ERROR:root:Exception while sending command.
Traceback (most recent call last):
  File "/opt/bitnami/spark/python/lib/py4j-0.10.9.3-src.zip/py4j/clientserver.py", line 475, in send_command
    answer = smart_decode(self.stream.readline()[:-1])
  File "/opt/bitnami/python/lib/python3.8/socket.py", line 669, in readinto
    return self._sock.recv_into(b)
  File "/opt/bitnami/spark/python/lib/pyspark.zip/pyspark/context.py", line 292, in signal_handler
    self.cancelAllJobs()
  File "/opt/bitnami/spark/python/lib/pyspark.zip/pyspark/context.py", line 1195, in cancelAllJobs
    self._jsc.sc().cancelAllJobs()
  File "/opt/bitnami/spark/python/lib/py4j-0.10.9.3-src.zip/py4j/java_gateway.py", line 1321, in __call__
    return_value = get_return_value(
  File "/opt/bitnami/spark/python/lib/pyspark.zip/pyspark/sql/utils.py", line 111, in deco
    return f(*a, **kw)
  File "/opt/bitnami/spark/python/lib/py4j-0.10.9.3-src.zip/py4j/protocol.py", line 334, in get_return_value
    raise Py4JError(
py4j.protocol.Py4JError: An error occurred while calling o14.sc

During handling of the above exception, another exception occurred:

Traceback (most recent call last):
  File "/opt/bitnami/spark/python/lib/py4j-0.10.9.3-src.zip/py4j/java_gateway.py", line 1038, in send_command
    response = connection.send_command(command)
  File "/opt/bitnami/spark/python/lib/py4j-0.10.9.3-src.zip/py4j/clientserver.py", line 503, in send_command
    raise Py4JNetworkError(
py4j.protocol.Py4JNetworkError: Error while sending or receiving
Traceback (most recent call last):
  File "/opt/bitnami/spark/sparkpyrediskafkastreamtoconsole.py", line 159, in <module>
    emailAndBirthYearStreamingDF.writeStream.outputMode("append").format("console").start().awaitTermination()
  File "/opt/bitnami/spark/python/lib/pyspark.zip/pyspark/sql/streaming.py", line 101, in awaitTermination
  File "/opt/bitnami/spark/python/lib/py4j-0.10.9.3-src.zip/py4j/java_gateway.py", line 1321, in __call__
  File "/opt/bitnami/spark/python/lib/pyspark.zip/pyspark/sql/utils.py", line 111, in deco
  File "/opt/bitnami/spark/python/lib/py4j-0.10.9.3-src.zip/py4j/protocol.py", line 334, in get_return_value
py4j.protocol.Py4JError: An error occurred while calling o78.awaitTermination
